{"/Users/rorytait/Desktop/Digital_Futures/Challenges/travel-info-challenge-full-stack/challenge-6-chitter-full-stack-charlietait147/frontend/src/App.jsx": {"path":"/Users/rorytait/Desktop/Digital_Futures/Challenges/travel-info-challenge-full-stack/challenge-6-chitter-full-stack-charlietait147/frontend/src/App.jsx","statementMap":{"0":{"start":{"line":15,"column":12},"end":{"line":55,"column":null}},"1":{"start":{"line":16,"column":38},"end":{"line":16,"column":null}},"2":{"start":{"line":17,"column":23},"end":{"line":17,"column":null}},"3":{"start":{"line":19,"column":15},"end":{"line":19,"column":null}},"4":{"start":{"line":21,"column":17},"end":{"line":21,"column":null}},"5":{"start":{"line":23,"column":19},"end":{"line":23,"column":null}},"6":{"start":{"line":25,"column":2},"end":{"line":32,"column":null}},"7":{"start":{"line":26,"column":2},"end":{"line":31,"column":null}},"8":{"start":{"line":27,"column":4},"end":{"line":27,"column":null}},"9":{"start":{"line":30,"column":4},"end":{"line":30,"column":null}},"10":{"start":{"line":35,"column":2},"end":{"line":53,"column":null}}},"fnMap":{"0":{"name":"(anonymous_0)","decl":{"start":{"line":15,"column":12},"end":{"line":15,"column":18}},"loc":{"start":{"line":15,"column":18},"end":{"line":55,"column":null}}},"1":{"name":"(anonymous_1)","decl":{"start":{"line":25,"column":12},"end":{"line":25,"column":18}},"loc":{"start":{"line":25,"column":18},"end":{"line":32,"column":3}}}},"branchMap":{"0":{"loc":{"start":{"line":21,"column":17},"end":{"line":21,"column":null}},"type":"cond-expr","locations":[{"start":{"line":21,"column":24},"end":{"line":21,"column":35}},{"start":{"line":21,"column":35},"end":{"line":21,"column":null}}]},"1":{"loc":{"start":{"line":23,"column":19},"end":{"line":23,"column":null}},"type":"cond-expr","locations":[{"start":{"line":23,"column":26},"end":{"line":23,"column":51}},{"start":{"line":23,"column":51},"end":{"line":23,"column":null}}]},"2":{"loc":{"start":{"line":26,"column":2},"end":{"line":31,"column":null}},"type":"if","locations":[{"start":{"line":26,"column":2},"end":{"line":31,"column":null}},{"start":{"line":29,"column":7},"end":{"line":31,"column":null}}]},"3":{"loc":{"start":{"line":26,"column":5},"end":{"line":26,"column":73}},"type":"binary-expr","locations":[{"start":{"line":26,"column":5},"end":{"line":26,"column":38}},{"start":{"line":26,"column":38},"end":{"line":26,"column":73}}]},"4":{"loc":{"start":{"line":37,"column":7},"end":{"line":37,"column":null}},"type":"binary-expr","locations":[{"start":{"line":37,"column":7},"end":{"line":37,"column":21}},{"start":{"line":37,"column":21},"end":{"line":37,"column":null}}]}},"s":{"0":0,"1":0,"2":0,"3":0,"4":0,"5":0,"6":0,"7":0,"8":0,"9":0,"10":0},"f":{"0":0,"1":0},"b":{"0":[0,0],"1":[0,0],"2":[0,0],"3":[0,0],"4":[0,0]}}
,"/Users/rorytait/Desktop/Digital_Futures/Challenges/travel-info-challenge-full-stack/challenge-6-chitter-full-stack-charlietait147/frontend/src/main.jsx": {"path":"/Users/rorytait/Desktop/Digital_Futures/Challenges/travel-info-challenge-full-stack/challenge-6-chitter-full-stack-charlietait147/frontend/src/main.jsx","statementMap":{"0":{"start":{"line":9,"column":0},"end":{"line":15,"column":null}}},"fnMap":{},"branchMap":{},"s":{"0":0},"f":{},"b":{}}
,"/Users/rorytait/Desktop/Digital_Futures/Challenges/travel-info-challenge-full-stack/challenge-6-chitter-full-stack-charlietait147/frontend/src/components/FavouriteLocationContent.jsx": {"path":"/Users/rorytait/Desktop/Digital_Futures/Challenges/travel-info-challenge-full-stack/challenge-6-chitter-full-stack-charlietait147/frontend/src/components/FavouriteLocationContent.jsx","statementMap":{"0":{"start":{"line":8,"column":33},"end":{"line":141,"column":null}},"1":{"start":{"line":9,"column":19},"end":{"line":9,"column":null}},"2":{"start":{"line":10,"column":38},"end":{"line":10,"column":null}},"3":{"start":{"line":13,"column":2},"end":{"line":18,"column":null}},"4":{"start":{"line":14,"column":17},"end":{"line":14,"column":null}},"5":{"start":{"line":15,"column":4},"end":{"line":17,"column":null}},"6":{"start":{"line":16,"column":6},"end":{"line":16,"column":null}},"7":{"start":{"line":22,"column":2},"end":{"line":42,"column":null}},"8":{"start":{"line":23,"column":4},"end":{"line":25,"column":null}},"9":{"start":{"line":24,"column":6},"end":{"line":24,"column":null}},"10":{"start":{"line":27,"column":33},"end":{"line":39,"column":null}},"11":{"start":{"line":28,"column":6},"end":{"line":38,"column":null}},"12":{"start":{"line":29,"column":26},"end":{"line":29,"column":null}},"13":{"start":{"line":31,"column":35},"end":{"line":31,"column":null}},"14":{"start":{"line":31,"column":63},"end":{"line":31,"column":80}},"15":{"start":{"line":33,"column":8},"end":{"line":33,"column":null}},"16":{"start":{"line":36,"column":8},"end":{"line":36,"column":null}},"17":{"start":{"line":41,"column":4},"end":{"line":41,"column":null}},"18":{"start":{"line":55,"column":21},"end":{"line":78,"column":null}},"19":{"start":{"line":56,"column":2},"end":{"line":77,"column":null}},"20":{"start":{"line":58,"column":29},"end":{"line":58,"column":null}},"21":{"start":{"line":58,"column":50},"end":{"line":58,"column":76}},"22":{"start":{"line":60,"column":4},"end":{"line":63,"column":null}},"23":{"start":{"line":61,"column":6},"end":{"line":61,"column":null}},"24":{"start":{"line":62,"column":6},"end":{"line":62,"column":null}},"25":{"start":{"line":65,"column":4},"end":{"line":65,"column":null}},"26":{"start":{"line":68,"column":4},"end":{"line":68,"column":null}},"27":{"start":{"line":71,"column":4},"end":{"line":71,"column":null}},"28":{"start":{"line":71,"column":36},"end":{"line":71,"column":83}},"29":{"start":{"line":71,"column":65},"end":{"line":71,"column":82}},"30":{"start":{"line":73,"column":4},"end":{"line":73,"column":null}},"31":{"start":{"line":75,"column":4},"end":{"line":75,"column":null}},"32":{"start":{"line":83,"column":2},"end":{"line":138,"column":null}},"33":{"start":{"line":112,"column":14},"end":{"line":128,"column":null}},"34":{"start":{"line":120,"column":33},"end":{"line":120,"column":null}}},"fnMap":{"0":{"name":"(anonymous_0)","decl":{"start":{"line":8,"column":33},"end":{"line":8,"column":34}},"loc":{"start":{"line":8,"column":57},"end":{"line":141,"column":null}}},"1":{"name":"(anonymous_1)","decl":{"start":{"line":13,"column":12},"end":{"line":13,"column":18}},"loc":{"start":{"line":13,"column":18},"end":{"line":18,"column":7}}},"2":{"name":"(anonymous_2)","decl":{"start":{"line":22,"column":12},"end":{"line":22,"column":18}},"loc":{"start":{"line":22,"column":18},"end":{"line":42,"column":5}}},"3":{"name":"(anonymous_3)","decl":{"start":{"line":27,"column":33},"end":{"line":27,"column":45}},"loc":{"start":{"line":27,"column":45},"end":{"line":39,"column":null}}},"4":{"name":"(anonymous_4)","decl":{"start":{"line":31,"column":49},"end":{"line":31,"column":50}},"loc":{"start":{"line":31,"column":63},"end":{"line":31,"column":80}}},"5":{"name":"(anonymous_5)","decl":{"start":{"line":55,"column":21},"end":{"line":55,"column":28}},"loc":{"start":{"line":55,"column":42},"end":{"line":78,"column":null}}},"6":{"name":"(anonymous_6)","decl":{"start":{"line":58,"column":43},"end":{"line":58,"column":50}},"loc":{"start":{"line":58,"column":50},"end":{"line":58,"column":76}}},"7":{"name":"(anonymous_7)","decl":{"start":{"line":71,"column":18},"end":{"line":71,"column":36}},"loc":{"start":{"line":71,"column":36},"end":{"line":71,"column":83}}},"8":{"name":"(anonymous_8)","decl":{"start":{"line":71,"column":58},"end":{"line":71,"column":65}},"loc":{"start":{"line":71,"column":65},"end":{"line":71,"column":82}}},"9":{"name":"(anonymous_9)","decl":{"start":{"line":111,"column":27},"end":{"line":111,"column":28}},"loc":{"start":{"line":112,"column":14},"end":{"line":128,"column":null}}},"10":{"name":"(anonymous_10)","decl":{"start":{"line":120,"column":27},"end":{"line":120,"column":33}},"loc":{"start":{"line":120,"column":33},"end":{"line":120,"column":null}}}},"branchMap":{"0":{"loc":{"start":{"line":15,"column":4},"end":{"line":17,"column":null}},"type":"if","locations":[{"start":{"line":15,"column":4},"end":{"line":17,"column":null}},{"start":{"line":15,"column":4},"end":{"line":17,"column":null}}]},"1":{"loc":{"start":{"line":23,"column":4},"end":{"line":25,"column":null}},"type":"if","locations":[{"start":{"line":23,"column":4},"end":{"line":25,"column":null}},{"start":{"line":23,"column":4},"end":{"line":25,"column":null}}]},"2":{"loc":{"start":{"line":60,"column":4},"end":{"line":63,"column":null}},"type":"if","locations":[{"start":{"line":60,"column":4},"end":{"line":63,"column":null}},{"start":{"line":60,"column":4},"end":{"line":63,"column":null}}]},"3":{"loc":{"start":{"line":110,"column":11},"end":{"line":133,"column":null}},"type":"cond-expr","locations":[{"start":{"line":111,"column":12},"end":{"line":129,"column":null}},{"start":{"line":131,"column":12},"end":{"line":133,"column":null}}]}},"s":{"0":1,"1":3,"2":3,"3":3,"4":3,"5":3,"6":3,"7":3,"8":3,"9":3,"10":0,"11":0,"12":0,"13":0,"14":0,"15":0,"16":0,"17":0,"18":3,"19":0,"20":0,"21":0,"22":0,"23":0,"24":0,"25":0,"26":0,"27":0,"28":0,"29":0,"30":0,"31":0,"32":3,"33":0,"34":0},"f":{"0":3,"1":3,"2":3,"3":0,"4":0,"5":0,"6":0,"7":0,"8":0,"9":0,"10":0},"b":{"0":[3,0],"1":[3,0],"2":[0,0],"3":[0,3]}}
,"/Users/rorytait/Desktop/Digital_Futures/Challenges/travel-info-challenge-full-stack/challenge-6-chitter-full-stack-charlietait147/frontend/src/components/Footer.jsx": {"path":"/Users/rorytait/Desktop/Digital_Futures/Challenges/travel-info-challenge-full-stack/challenge-6-chitter-full-stack-charlietait147/frontend/src/components/Footer.jsx","statementMap":{"0":{"start":{"line":1,"column":15},"end":{"line":7,"column":null}},"1":{"start":{"line":2,"column":2},"end":{"line":5,"column":null}}},"fnMap":{"0":{"name":"(anonymous_0)","decl":{"start":{"line":1,"column":15},"end":{"line":1,"column":21}},"loc":{"start":{"line":1,"column":21},"end":{"line":7,"column":null}}}},"branchMap":{},"s":{"0":0,"1":0},"f":{"0":0},"b":{}}
,"/Users/rorytait/Desktop/Digital_Futures/Challenges/travel-info-challenge-full-stack/challenge-6-chitter-full-stack-charlietait147/frontend/src/components/HomeContent.jsx": {"path":"/Users/rorytait/Desktop/Digital_Futures/Challenges/travel-info-challenge-full-stack/challenge-6-chitter-full-stack-charlietait147/frontend/src/components/HomeContent.jsx","statementMap":{"0":{"start":{"line":9,"column":20},"end":{"line":63,"column":null}},"1":{"start":{"line":11,"column":40},"end":{"line":11,"column":null}},"2":{"start":{"line":12,"column":19},"end":{"line":12,"column":null}},"3":{"start":{"line":14,"column":2},"end":{"line":19,"column":null}},"4":{"start":{"line":15,"column":17},"end":{"line":15,"column":null}},"5":{"start":{"line":16,"column":4},"end":{"line":18,"column":null}},"6":{"start":{"line":17,"column":6},"end":{"line":17,"column":null}},"7":{"start":{"line":23,"column":24},"end":{"line":26,"column":null}},"8":{"start":{"line":24,"column":4},"end":{"line":24,"column":null}},"9":{"start":{"line":25,"column":4},"end":{"line":25,"column":null}},"10":{"start":{"line":28,"column":4},"end":{"line":60,"column":null}},"11":{"start":{"line":46,"column":29},"end":{"line":46,"column":null}}},"fnMap":{"0":{"name":"(anonymous_0)","decl":{"start":{"line":9,"column":20},"end":{"line":9,"column":26}},"loc":{"start":{"line":9,"column":26},"end":{"line":63,"column":null}}},"1":{"name":"(anonymous_1)","decl":{"start":{"line":14,"column":12},"end":{"line":14,"column":18}},"loc":{"start":{"line":14,"column":18},"end":{"line":19,"column":7}}},"2":{"name":"(anonymous_2)","decl":{"start":{"line":23,"column":24},"end":{"line":23,"column":25}},"loc":{"start":{"line":23,"column":31},"end":{"line":26,"column":null}}},"3":{"name":"(anonymous_3)","decl":{"start":{"line":46,"column":22},"end":{"line":46,"column":23}},"loc":{"start":{"line":46,"column":29},"end":{"line":46,"column":null}}}},"branchMap":{"0":{"loc":{"start":{"line":16,"column":4},"end":{"line":18,"column":null}},"type":"if","locations":[{"start":{"line":16,"column":4},"end":{"line":18,"column":null}},{"start":{"line":16,"column":4},"end":{"line":18,"column":null}}]}},"s":{"0":1,"1":5,"2":5,"3":5,"4":4,"5":4,"6":4,"7":5,"8":1,"9":1,"10":5,"11":1},"f":{"0":5,"1":4,"2":1,"3":1},"b":{"0":[4,0]}}
,"/Users/rorytait/Desktop/Digital_Futures/Challenges/travel-info-challenge-full-stack/challenge-6-chitter-full-stack-charlietait147/frontend/src/components/LoginForm.jsx": {"path":"/Users/rorytait/Desktop/Digital_Futures/Challenges/travel-info-challenge-full-stack/challenge-6-chitter-full-stack-charlietait147/frontend/src/components/LoginForm.jsx","statementMap":{"0":{"start":{"line":7,"column":18},"end":{"line":73,"column":null}},"1":{"start":{"line":8,"column":19},"end":{"line":8,"column":null}},"2":{"start":{"line":9,"column":34},"end":{"line":9,"column":null}},"3":{"start":{"line":10,"column":34},"end":{"line":10,"column":null}},"4":{"start":{"line":11,"column":28},"end":{"line":11,"column":null}},"5":{"start":{"line":13,"column":31},"end":{"line":15,"column":null}},"6":{"start":{"line":14,"column":4},"end":{"line":14,"column":null}},"7":{"start":{"line":17,"column":31},"end":{"line":19,"column":null}},"8":{"start":{"line":18,"column":4},"end":{"line":18,"column":null}},"9":{"start":{"line":21,"column":23},"end":{"line":38,"column":null}},"10":{"start":{"line":22,"column":4},"end":{"line":22,"column":null}},"11":{"start":{"line":24,"column":4},"end":{"line":27,"column":null}},"12":{"start":{"line":25,"column":8},"end":{"line":25,"column":null}},"13":{"start":{"line":26,"column":8},"end":{"line":26,"column":null}},"14":{"start":{"line":29,"column":4},"end":{"line":37,"column":null}},"15":{"start":{"line":30,"column":19},"end":{"line":30,"column":null}},"16":{"start":{"line":32,"column":6},"end":{"line":32,"column":null}},"17":{"start":{"line":33,"column":6},"end":{"line":33,"column":null}},"18":{"start":{"line":35,"column":6},"end":{"line":35,"column":null}},"19":{"start":{"line":36,"column":6},"end":{"line":36,"column":null}},"20":{"start":{"line":40,"column":2},"end":{"line":71,"column":null}}},"fnMap":{"0":{"name":"(anonymous_0)","decl":{"start":{"line":7,"column":18},"end":{"line":7,"column":24}},"loc":{"start":{"line":7,"column":24},"end":{"line":73,"column":null}}},"1":{"name":"(anonymous_1)","decl":{"start":{"line":13,"column":31},"end":{"line":13,"column":32}},"loc":{"start":{"line":13,"column":38},"end":{"line":15,"column":null}}},"2":{"name":"(anonymous_2)","decl":{"start":{"line":17,"column":31},"end":{"line":17,"column":32}},"loc":{"start":{"line":17,"column":38},"end":{"line":19,"column":null}}},"3":{"name":"(anonymous_3)","decl":{"start":{"line":21,"column":23},"end":{"line":21,"column":30}},"loc":{"start":{"line":21,"column":36},"end":{"line":38,"column":null}}}},"branchMap":{"0":{"loc":{"start":{"line":24,"column":4},"end":{"line":27,"column":null}},"type":"if","locations":[{"start":{"line":24,"column":4},"end":{"line":27,"column":null}},{"start":{"line":24,"column":4},"end":{"line":27,"column":null}}]},"1":{"loc":{"start":{"line":24,"column":8},"end":{"line":24,"column":32}},"type":"binary-expr","locations":[{"start":{"line":24,"column":8},"end":{"line":24,"column":21}},{"start":{"line":24,"column":21},"end":{"line":24,"column":32}}]},"2":{"loc":{"start":{"line":68,"column":11},"end":{"line":68,"column":null}},"type":"binary-expr","locations":[{"start":{"line":68,"column":11},"end":{"line":68,"column":20}},{"start":{"line":68,"column":20},"end":{"line":68,"column":null}}]}},"s":{"0":0,"1":0,"2":0,"3":0,"4":0,"5":0,"6":0,"7":0,"8":0,"9":0,"10":0,"11":0,"12":0,"13":0,"14":0,"15":0,"16":0,"17":0,"18":0,"19":0,"20":0},"f":{"0":0,"1":0,"2":0,"3":0},"b":{"0":[0,0],"1":[0,0],"2":[0,0]}}
,"/Users/rorytait/Desktop/Digital_Futures/Challenges/travel-info-challenge-full-stack/challenge-6-chitter-full-stack-charlietait147/frontend/src/components/NavBar.jsx": {"path":"/Users/rorytait/Desktop/Digital_Futures/Challenges/travel-info-challenge-full-stack/challenge-6-chitter-full-stack-charlietait147/frontend/src/components/NavBar.jsx","statementMap":{"0":{"start":{"line":9,"column":15},"end":{"line":144,"column":null}},"1":{"start":{"line":10,"column":38},"end":{"line":10,"column":null}},"2":{"start":{"line":11,"column":40},"end":{"line":11,"column":null}},"3":{"start":{"line":12,"column":19},"end":{"line":12,"column":null}},"4":{"start":{"line":20,"column":2},"end":{"line":40,"column":null}},"5":{"start":{"line":21,"column":4},"end":{"line":23,"column":null}},"6":{"start":{"line":22,"column":6},"end":{"line":22,"column":null}},"7":{"start":{"line":25,"column":33},"end":{"line":37,"column":null}},"8":{"start":{"line":26,"column":6},"end":{"line":36,"column":null}},"9":{"start":{"line":27,"column":26},"end":{"line":27,"column":null}},"10":{"start":{"line":29,"column":35},"end":{"line":29,"column":null}},"11":{"start":{"line":29,"column":63},"end":{"line":29,"column":80}},"12":{"start":{"line":31,"column":8},"end":{"line":31,"column":null}},"13":{"start":{"line":34,"column":8},"end":{"line":34,"column":null}},"14":{"start":{"line":39,"column":4},"end":{"line":39,"column":null}},"15":{"start":{"line":42,"column":23},"end":{"line":46,"column":null}},"16":{"start":{"line":43,"column":4},"end":{"line":43,"column":null}},"17":{"start":{"line":45,"column":4},"end":{"line":45,"column":null}},"18":{"start":{"line":48,"column":24},"end":{"line":51,"column":null}},"19":{"start":{"line":49,"column":4},"end":{"line":49,"column":null}},"20":{"start":{"line":50,"column":4},"end":{"line":50,"column":null}},"21":{"start":{"line":53,"column":2},"end":{"line":142,"column":null}},"22":{"start":{"line":110,"column":16},"end":{"line":114,"column":null}},"23":{"start":{"line":129,"column":29},"end":{"line":129,"column":null}}},"fnMap":{"0":{"name":"(anonymous_0)","decl":{"start":{"line":9,"column":15},"end":{"line":9,"column":16}},"loc":{"start":{"line":9,"column":29},"end":{"line":144,"column":null}}},"1":{"name":"(anonymous_1)","decl":{"start":{"line":20,"column":12},"end":{"line":20,"column":18}},"loc":{"start":{"line":20,"column":18},"end":{"line":40,"column":5}}},"2":{"name":"(anonymous_2)","decl":{"start":{"line":25,"column":33},"end":{"line":25,"column":45}},"loc":{"start":{"line":25,"column":45},"end":{"line":37,"column":null}}},"3":{"name":"(anonymous_3)","decl":{"start":{"line":29,"column":49},"end":{"line":29,"column":50}},"loc":{"start":{"line":29,"column":63},"end":{"line":29,"column":80}}},"4":{"name":"(anonymous_4)","decl":{"start":{"line":42,"column":23},"end":{"line":42,"column":30}},"loc":{"start":{"line":42,"column":36},"end":{"line":46,"column":null}}},"5":{"name":"(anonymous_5)","decl":{"start":{"line":48,"column":24},"end":{"line":48,"column":30}},"loc":{"start":{"line":48,"column":30},"end":{"line":51,"column":null}}},"6":{"name":"(anonymous_6)","decl":{"start":{"line":109,"column":30},"end":{"line":109,"column":31}},"loc":{"start":{"line":110,"column":16},"end":{"line":114,"column":null}}},"7":{"name":"(anonymous_7)","decl":{"start":{"line":129,"column":22},"end":{"line":129,"column":23}},"loc":{"start":{"line":129,"column":29},"end":{"line":129,"column":null}}}},"branchMap":{"0":{"loc":{"start":{"line":21,"column":4},"end":{"line":23,"column":null}},"type":"if","locations":[{"start":{"line":21,"column":4},"end":{"line":23,"column":null}},{"start":{"line":21,"column":4},"end":{"line":23,"column":null}}]}},"s":{"0":2,"1":5,"2":5,"3":5,"4":5,"5":4,"6":4,"7":0,"8":0,"9":0,"10":0,"11":0,"12":0,"13":0,"14":0,"15":5,"16":1,"17":1,"18":5,"19":0,"20":0,"21":5,"22":0,"23":1},"f":{"0":5,"1":4,"2":0,"3":0,"4":1,"5":0,"6":0,"7":1},"b":{"0":[4,0]}}
,"/Users/rorytait/Desktop/Digital_Futures/Challenges/travel-info-challenge-full-stack/challenge-6-chitter-full-stack-charlietait147/frontend/src/components/RegisterForm.jsx": {"path":"/Users/rorytait/Desktop/Digital_Futures/Challenges/travel-info-challenge-full-stack/challenge-6-chitter-full-stack-charlietait147/frontend/src/components/RegisterForm.jsx","statementMap":{"0":{"start":{"line":6,"column":21},"end":{"line":83,"column":null}},"1":{"start":{"line":7,"column":34},"end":{"line":7,"column":null}},"2":{"start":{"line":8,"column":34},"end":{"line":8,"column":null}},"3":{"start":{"line":9,"column":28},"end":{"line":9,"column":null}},"4":{"start":{"line":10,"column":32},"end":{"line":10,"column":null}},"5":{"start":{"line":12,"column":31},"end":{"line":14,"column":null}},"6":{"start":{"line":13,"column":4},"end":{"line":13,"column":null}},"7":{"start":{"line":16,"column":31},"end":{"line":18,"column":null}},"8":{"start":{"line":17,"column":4},"end":{"line":17,"column":null}},"9":{"start":{"line":20,"column":23},"end":{"line":47,"column":null}},"10":{"start":{"line":21,"column":4},"end":{"line":21,"column":null}},"11":{"start":{"line":22,"column":4},"end":{"line":25,"column":null}},"12":{"start":{"line":23,"column":6},"end":{"line":23,"column":null}},"13":{"start":{"line":24,"column":6},"end":{"line":24,"column":null}},"14":{"start":{"line":27,"column":4},"end":{"line":30,"column":null}},"15":{"start":{"line":28,"column":6},"end":{"line":28,"column":null}},"16":{"start":{"line":29,"column":6},"end":{"line":29,"column":null}},"17":{"start":{"line":32,"column":4},"end":{"line":35,"column":null}},"18":{"start":{"line":33,"column":6},"end":{"line":33,"column":null}},"19":{"start":{"line":34,"column":6},"end":{"line":34,"column":null}},"20":{"start":{"line":37,"column":4},"end":{"line":46,"column":null}},"21":{"start":{"line":38,"column":19},"end":{"line":38,"column":null}},"22":{"start":{"line":40,"column":6},"end":{"line":40,"column":null}},"23":{"start":{"line":41,"column":6},"end":{"line":41,"column":null}},"24":{"start":{"line":42,"column":6},"end":{"line":42,"column":null}},"25":{"start":{"line":45,"column":6},"end":{"line":45,"column":null}},"26":{"start":{"line":49,"column":2},"end":{"line":81,"column":null}}},"fnMap":{"0":{"name":"(anonymous_0)","decl":{"start":{"line":6,"column":21},"end":{"line":6,"column":27}},"loc":{"start":{"line":6,"column":27},"end":{"line":83,"column":null}}},"1":{"name":"(anonymous_1)","decl":{"start":{"line":12,"column":31},"end":{"line":12,"column":32}},"loc":{"start":{"line":12,"column":38},"end":{"line":14,"column":null}}},"2":{"name":"(anonymous_2)","decl":{"start":{"line":16,"column":31},"end":{"line":16,"column":32}},"loc":{"start":{"line":16,"column":38},"end":{"line":18,"column":null}}},"3":{"name":"(anonymous_3)","decl":{"start":{"line":20,"column":23},"end":{"line":20,"column":30}},"loc":{"start":{"line":20,"column":36},"end":{"line":47,"column":null}}}},"branchMap":{"0":{"loc":{"start":{"line":22,"column":4},"end":{"line":25,"column":null}},"type":"if","locations":[{"start":{"line":22,"column":4},"end":{"line":25,"column":null}},{"start":{"line":22,"column":4},"end":{"line":25,"column":null}}]},"1":{"loc":{"start":{"line":22,"column":8},"end":{"line":22,"column":32}},"type":"binary-expr","locations":[{"start":{"line":22,"column":8},"end":{"line":22,"column":21}},{"start":{"line":22,"column":21},"end":{"line":22,"column":32}}]},"2":{"loc":{"start":{"line":27,"column":4},"end":{"line":30,"column":null}},"type":"if","locations":[{"start":{"line":27,"column":4},"end":{"line":30,"column":null}},{"start":{"line":27,"column":4},"end":{"line":30,"column":null}}]},"3":{"loc":{"start":{"line":27,"column":8},"end":{"line":27,"column":53}},"type":"binary-expr","locations":[{"start":{"line":27,"column":8},"end":{"line":27,"column":31}},{"start":{"line":27,"column":31},"end":{"line":27,"column":53}}]},"4":{"loc":{"start":{"line":32,"column":4},"end":{"line":35,"column":null}},"type":"if","locations":[{"start":{"line":32,"column":4},"end":{"line":35,"column":null}},{"start":{"line":32,"column":4},"end":{"line":35,"column":null}}]},"5":{"loc":{"start":{"line":77,"column":11},"end":{"line":77,"column":null}},"type":"binary-expr","locations":[{"start":{"line":77,"column":11},"end":{"line":77,"column":22}},{"start":{"line":77,"column":22},"end":{"line":77,"column":null}}]},"6":{"loc":{"start":{"line":78,"column":11},"end":{"line":78,"column":null}},"type":"binary-expr","locations":[{"start":{"line":78,"column":11},"end":{"line":78,"column":20}},{"start":{"line":78,"column":20},"end":{"line":78,"column":null}}]}},"s":{"0":0,"1":0,"2":0,"3":0,"4":0,"5":0,"6":0,"7":0,"8":0,"9":0,"10":0,"11":0,"12":0,"13":0,"14":0,"15":0,"16":0,"17":0,"18":0,"19":0,"20":0,"21":0,"22":0,"23":0,"24":0,"25":0,"26":0},"f":{"0":0,"1":0,"2":0,"3":0},"b":{"0":[0,0],"1":[0,0],"2":[0,0],"3":[0,0],"4":[0,0],"5":[0,0],"6":[0,0]}}
,"/Users/rorytait/Desktop/Digital_Futures/Challenges/travel-info-challenge-full-stack/challenge-6-chitter-full-stack-charlietait147/frontend/src/components/UserDashboard.jsx": {"path":"/Users/rorytait/Desktop/Digital_Futures/Challenges/travel-info-challenge-full-stack/challenge-6-chitter-full-stack-charlietait147/frontend/src/components/UserDashboard.jsx","statementMap":{"0":{"start":{"line":4,"column":22},"end":{"line":16,"column":null}},"1":{"start":{"line":5,"column":21},"end":{"line":5,"column":null}},"2":{"start":{"line":6,"column":27},"end":{"line":8,"column":null}},"3":{"start":{"line":7,"column":8},"end":{"line":7,"column":null}},"4":{"start":{"line":10,"column":4},"end":{"line":14,"column":null}},"5":{"start":{"line":13,"column":75},"end":{"line":13,"column":93}}},"fnMap":{"0":{"name":"(anonymous_0)","decl":{"start":{"line":4,"column":22},"end":{"line":4,"column":28}},"loc":{"start":{"line":4,"column":28},"end":{"line":16,"column":null}}},"1":{"name":"(anonymous_1)","decl":{"start":{"line":6,"column":27},"end":{"line":6,"column":33}},"loc":{"start":{"line":6,"column":33},"end":{"line":8,"column":null}}},"2":{"name":"(anonymous_2)","decl":{"start":{"line":13,"column":69},"end":{"line":13,"column":75}},"loc":{"start":{"line":13,"column":75},"end":{"line":13,"column":93}}}},"branchMap":{},"s":{"0":0,"1":0,"2":0,"3":0,"4":0,"5":0},"f":{"0":0,"1":0,"2":0},"b":{}}
,"/Users/rorytait/Desktop/Digital_Futures/Challenges/travel-info-challenge-full-stack/challenge-6-chitter-full-stack-charlietait147/frontend/src/components/WeatherCard.jsx": {"path":"/Users/rorytait/Desktop/Digital_Futures/Challenges/travel-info-challenge-full-stack/challenge-6-chitter-full-stack-charlietait147/frontend/src/components/WeatherCard.jsx","statementMap":{"0":{"start":{"line":3,"column":20},"end":{"line":12,"column":null}},"1":{"start":{"line":4,"column":2},"end":{"line":10,"column":null}},"2":{"start":{"line":14,"column":0},"end":{"line":19,"column":null}}},"fnMap":{"0":{"name":"(anonymous_0)","decl":{"start":{"line":3,"column":20},"end":{"line":3,"column":21}},"loc":{"start":{"line":3,"column":60},"end":{"line":12,"column":null}}}},"branchMap":{"0":{"loc":{"start":{"line":6,"column":7},"end":{"line":6,"column":null}},"type":"binary-expr","locations":[{"start":{"line":6,"column":7},"end":{"line":6,"column":35}},{"start":{"line":6,"column":35},"end":{"line":6,"column":null}}]},"1":{"loc":{"start":{"line":7,"column":7},"end":{"line":7,"column":null}},"type":"binary-expr","locations":[{"start":{"line":7,"column":7},"end":{"line":7,"column":35}},{"start":{"line":7,"column":35},"end":{"line":7,"column":null}}]},"2":{"loc":{"start":{"line":8,"column":7},"end":{"line":8,"column":null}},"type":"binary-expr","locations":[{"start":{"line":8,"column":7},"end":{"line":8,"column":35}},{"start":{"line":8,"column":35},"end":{"line":8,"column":null}}]},"3":{"loc":{"start":{"line":9,"column":7},"end":{"line":9,"column":null}},"type":"binary-expr","locations":[{"start":{"line":9,"column":7},"end":{"line":9,"column":43}},{"start":{"line":9,"column":43},"end":{"line":9,"column":null}}]}},"s":{"0":2,"1":7,"2":2},"f":{"0":7},"b":{"0":[7,5],"1":[7,5],"2":[7,5],"3":[7,5]}}
,"/Users/rorytait/Desktop/Digital_Futures/Challenges/travel-info-challenge-full-stack/challenge-6-chitter-full-stack-charlietait147/frontend/src/components/WeatherContent.jsx": {"path":"/Users/rorytait/Desktop/Digital_Futures/Challenges/travel-info-challenge-full-stack/challenge-6-chitter-full-stack-charlietait147/frontend/src/components/WeatherContent.jsx","statementMap":{"0":{"start":{"line":8,"column":23},"end":{"line":62,"column":null}},"1":{"start":{"line":9,"column":36},"end":{"line":9,"column":null}},"2":{"start":{"line":23,"column":23},"end":{"line":32,"column":null}},"3":{"start":{"line":24,"column":4},"end":{"line":31,"column":null}},"4":{"start":{"line":25,"column":6},"end":{"line":25,"column":null}},"5":{"start":{"line":27,"column":6},"end":{"line":27,"column":null}},"6":{"start":{"line":29,"column":6},"end":{"line":29,"column":null}},"7":{"start":{"line":34,"column":2},"end":{"line":60,"column":null}},"8":{"start":{"line":64,"column":0},"end":{"line":71,"column":null}}},"fnMap":{"0":{"name":"(anonymous_0)","decl":{"start":{"line":8,"column":23},"end":{"line":8,"column":24}},"loc":{"start":{"line":8,"column":84},"end":{"line":62,"column":null}}},"1":{"name":"(anonymous_1)","decl":{"start":{"line":23,"column":23},"end":{"line":23,"column":35}},"loc":{"start":{"line":23,"column":35},"end":{"line":32,"column":null}}}},"branchMap":{"0":{"loc":{"start":{"line":42,"column":7},"end":{"line":45,"column":null}},"type":"binary-expr","locations":[{"start":{"line":42,"column":7},"end":{"line":42,"column":null}},{"start":{"line":43,"column":8},"end":{"line":45,"column":null}}]}},"s":{"0":2,"1":5,"2":5,"3":1,"4":1,"5":1,"6":0,"7":5,"8":2},"f":{"0":5,"1":1},"b":{"0":[5,1]}}
,"/Users/rorytait/Desktop/Digital_Futures/Challenges/travel-info-challenge-full-stack/challenge-6-chitter-full-stack-charlietait147/frontend/src/components/WeatherPage.jsx": {"path":"/Users/rorytait/Desktop/Digital_Futures/Challenges/travel-info-challenge-full-stack/challenge-6-chitter-full-stack-charlietait147/frontend/src/components/WeatherPage.jsx","statementMap":{"0":{"start":{"line":12,"column":20},"end":{"line":99,"column":null}},"1":{"start":{"line":13,"column":19},"end":{"line":13,"column":null}},"2":{"start":{"line":15,"column":2},"end":{"line":20,"column":null}},"3":{"start":{"line":16,"column":17},"end":{"line":16,"column":null}},"4":{"start":{"line":17,"column":4},"end":{"line":19,"column":null}},"5":{"start":{"line":18,"column":6},"end":{"line":18,"column":null}},"6":{"start":{"line":22,"column":17},"end":{"line":22,"column":null}},"7":{"start":{"line":23,"column":40},"end":{"line":23,"column":null}},"8":{"start":{"line":24,"column":40},"end":{"line":24,"column":null}},"9":{"start":{"line":25,"column":42},"end":{"line":25,"column":null}},"10":{"start":{"line":27,"column":27},"end":{"line":41,"column":null}},"11":{"start":{"line":28,"column":4},"end":{"line":40,"column":null}},"12":{"start":{"line":29,"column":23},"end":{"line":29,"column":null}},"13":{"start":{"line":30,"column":6},"end":{"line":32,"column":null}},"14":{"start":{"line":31,"column":8},"end":{"line":31,"column":null}},"15":{"start":{"line":33,"column":26},"end":{"line":33,"column":null}},"16":{"start":{"line":34,"column":6},"end":{"line":34,"column":null}},"17":{"start":{"line":35,"column":6},"end":{"line":35,"column":null}},"18":{"start":{"line":37,"column":6},"end":{"line":37,"column":null}},"19":{"start":{"line":38,"column":6},"end":{"line":38,"column":null}},"20":{"start":{"line":39,"column":6},"end":{"line":39,"column":null}},"21":{"start":{"line":42,"column":2},"end":{"line":44,"column":null}},"22":{"start":{"line":43,"column":4},"end":{"line":43,"column":null}},"23":{"start":{"line":46,"column":2},"end":{"line":60,"column":null}},"24":{"start":{"line":47,"column":4},"end":{"line":58,"column":null}},"25":{"start":{"line":64,"column":2},"end":{"line":70,"column":null}},"26":{"start":{"line":66,"column":4},"end":{"line":69,"column":null}},"27":{"start":{"line":68,"column":6},"end":{"line":68,"column":null}},"28":{"start":{"line":72,"column":2},"end":{"line":74,"column":null}},"29":{"start":{"line":73,"column":4},"end":{"line":73,"column":null}},"30":{"start":{"line":76,"column":45},"end":{"line":76,"column":null}},"31":{"start":{"line":78,"column":2},"end":{"line":78,"column":null}},"32":{"start":{"line":80,"column":2},"end":{"line":97,"column":null}},"33":{"start":{"line":93,"column":12},"end":{"line":93,"column":null}}},"fnMap":{"0":{"name":"(anonymous_0)","decl":{"start":{"line":12,"column":20},"end":{"line":12,"column":21}},"loc":{"start":{"line":12,"column":34},"end":{"line":99,"column":null}}},"1":{"name":"(anonymous_1)","decl":{"start":{"line":15,"column":12},"end":{"line":15,"column":18}},"loc":{"start":{"line":15,"column":18},"end":{"line":20,"column":7}}},"2":{"name":"(anonymous_2)","decl":{"start":{"line":27,"column":27},"end":{"line":27,"column":39}},"loc":{"start":{"line":27,"column":39},"end":{"line":41,"column":null}}},"3":{"name":"(anonymous_3)","decl":{"start":{"line":42,"column":12},"end":{"line":42,"column":18}},"loc":{"start":{"line":42,"column":18},"end":{"line":44,"column":5}}},"4":{"name":"(anonymous_4)","decl":{"start":{"line":92,"column":36},"end":{"line":92,"column":37}},"loc":{"start":{"line":93,"column":12},"end":{"line":93,"column":null}}}},"branchMap":{"0":{"loc":{"start":{"line":17,"column":4},"end":{"line":19,"column":null}},"type":"if","locations":[{"start":{"line":17,"column":4},"end":{"line":19,"column":null}},{"start":{"line":17,"column":4},"end":{"line":19,"column":null}}]},"1":{"loc":{"start":{"line":30,"column":6},"end":{"line":32,"column":null}},"type":"if","locations":[{"start":{"line":30,"column":6},"end":{"line":32,"column":null}},{"start":{"line":30,"column":6},"end":{"line":32,"column":null}}]},"2":{"loc":{"start":{"line":30,"column":10},"end":{"line":30,"column":59}},"type":"binary-expr","locations":[{"start":{"line":30,"column":10},"end":{"line":30,"column":22}},{"start":{"line":30,"column":22},"end":{"line":30,"column":39}},{"start":{"line":30,"column":39},"end":{"line":30,"column":59}}]},"3":{"loc":{"start":{"line":46,"column":2},"end":{"line":60,"column":null}},"type":"if","locations":[{"start":{"line":46,"column":2},"end":{"line":60,"column":null}},{"start":{"line":46,"column":2},"end":{"line":60,"column":null}}]},"4":{"loc":{"start":{"line":64,"column":2},"end":{"line":70,"column":null}},"type":"if","locations":[{"start":{"line":64,"column":2},"end":{"line":70,"column":null}},{"start":{"line":64,"column":2},"end":{"line":70,"column":null}}]},"5":{"loc":{"start":{"line":66,"column":4},"end":{"line":69,"column":null}},"type":"if","locations":[{"start":{"line":66,"column":4},"end":{"line":69,"column":null}},{"start":{"line":66,"column":4},"end":{"line":69,"column":null}}]},"6":{"loc":{"start":{"line":66,"column":8},"end":{"line":66,"column":47}},"type":"binary-expr","locations":[{"start":{"line":66,"column":8},"end":{"line":66,"column":23}},{"start":{"line":66,"column":23},"end":{"line":66,"column":47}}]},"7":{"loc":{"start":{"line":72,"column":2},"end":{"line":74,"column":null}},"type":"if","locations":[{"start":{"line":72,"column":2},"end":{"line":74,"column":null}},{"start":{"line":72,"column":2},"end":{"line":74,"column":null}}]}},"s":{"0":1,"1":7,"2":7,"3":4,"4":4,"5":4,"6":7,"7":7,"8":7,"9":7,"10":7,"11":2,"12":2,"13":1,"14":1,"15":1,"16":1,"17":1,"18":0,"19":0,"20":0,"21":7,"22":2,"23":7,"24":0,"25":7,"26":7,"27":1,"28":7,"29":6,"30":1,"31":1,"32":1,"33":4},"f":{"0":7,"1":4,"2":2,"3":2,"4":4},"b":{"0":[4,0],"1":[1,0],"2":[1,1,1],"3":[0,7],"4":[7,0],"5":[1,6],"6":[7,7],"7":[6,1]}}
,"/Users/rorytait/Desktop/Digital_Futures/Challenges/travel-info-challenge-full-stack/challenge-6-chitter-full-stack-charlietait147/frontend/src/services/auth.service.js": {"path":"/Users/rorytait/Desktop/Digital_Futures/Challenges/travel-info-challenge-full-stack/challenge-6-chitter-full-stack-charlietait147/frontend/src/services/auth.service.js","statementMap":{"0":{"start":{"line":3,"column":16},"end":{"line":3,"column":44}},"1":{"start":{"line":5,"column":24},"end":{"line":16,"column":1}},"2":{"start":{"line":6,"column":4},"end":{"line":15,"column":5}},"3":{"start":{"line":7,"column":20},"end":{"line":7,"column":83}},"4":{"start":{"line":9,"column":21},"end":{"line":9,"column":35}},"5":{"start":{"line":11,"column":8},"end":{"line":11,"column":20}},"6":{"start":{"line":14,"column":8},"end":{"line":14,"column":72}},"7":{"start":{"line":18,"column":21},"end":{"line":38,"column":1}},"8":{"start":{"line":19,"column":4},"end":{"line":37,"column":5}},"9":{"start":{"line":20,"column":20},"end":{"line":20,"column":80}},"10":{"start":{"line":22,"column":21},"end":{"line":22,"column":35}},"11":{"start":{"line":24,"column":8},"end":{"line":27,"column":9}},"12":{"start":{"line":25,"column":12},"end":{"line":25,"column":63}},"13":{"start":{"line":26,"column":12},"end":{"line":26,"column":24}},"14":{"start":{"line":29,"column":8},"end":{"line":29,"column":20}},"15":{"start":{"line":32,"column":8},"end":{"line":36,"column":9}},"16":{"start":{"line":33,"column":11},"end":{"line":33,"column":82}},"17":{"start":{"line":35,"column":12},"end":{"line":35,"column":86}}},"fnMap":{"0":{"name":"(anonymous_0)","decl":{"start":{"line":5,"column":24},"end":{"line":5,"column":29}},"loc":{"start":{"line":5,"column":54},"end":{"line":16,"column":1}}},"1":{"name":"(anonymous_1)","decl":{"start":{"line":18,"column":21},"end":{"line":18,"column":26}},"loc":{"start":{"line":18,"column":51},"end":{"line":38,"column":1}}}},"branchMap":{"0":{"loc":{"start":{"line":14,"column":15},"end":{"line":14,"column":71}},"type":"cond-expr","locations":[{"start":{"line":14,"column":31},"end":{"line":14,"column":36}},{"start":{"line":14,"column":39},"end":{"line":14,"column":71}}]},"1":{"loc":{"start":{"line":24,"column":8},"end":{"line":27,"column":9}},"type":"if","locations":[{"start":{"line":24,"column":8},"end":{"line":27,"column":9}},{"start":{"line":24,"column":8},"end":{"line":27,"column":9}}]},"2":{"loc":{"start":{"line":32,"column":8},"end":{"line":36,"column":9}},"type":"if","locations":[{"start":{"line":32,"column":8},"end":{"line":36,"column":9}},{"start":{"line":34,"column":15},"end":{"line":36,"column":9}}]},"3":{"loc":{"start":{"line":32,"column":12},"end":{"line":32,"column":59}},"type":"binary-expr","locations":[{"start":{"line":32,"column":12},"end":{"line":32,"column":26}},{"start":{"line":32,"column":30},"end":{"line":32,"column":59}}]},"4":{"loc":{"start":{"line":33,"column":18},"end":{"line":33,"column":81}},"type":"cond-expr","locations":[{"start":{"line":33,"column":34},"end":{"line":33,"column":39}},{"start":{"line":33,"column":41},"end":{"line":33,"column":81}}]},"5":{"loc":{"start":{"line":35,"column":19},"end":{"line":35,"column":85}},"type":"cond-expr","locations":[{"start":{"line":35,"column":35},"end":{"line":35,"column":40}},{"start":{"line":35,"column":42},"end":{"line":35,"column":85}}]}},"s":{"0":1,"1":1,"2":4,"3":4,"4":2,"5":2,"6":2,"7":1,"8":5,"9":5,"10":2,"11":2,"12":0,"13":0,"14":2,"15":3,"16":0,"17":3},"f":{"0":4,"1":5},"b":{"0":[0,2],"1":[0,2],"2":[0,3],"3":[3,0],"4":[0,0],"5":[0,3]}}
,"/Users/rorytait/Desktop/Digital_Futures/Challenges/travel-info-challenge-full-stack/challenge-6-chitter-full-stack-charlietait147/frontend/src/services/favouritelocations.service.js": {"path":"/Users/rorytait/Desktop/Digital_Futures/Challenges/travel-info-challenge-full-stack/challenge-6-chitter-full-stack-charlietait147/frontend/src/services/favouritelocations.service.js","statementMap":{"0":{"start":{"line":3,"column":16},"end":{"line":3,"column":44}},"1":{"start":{"line":5,"column":39},"end":{"line":12,"column":1}},"2":{"start":{"line":6,"column":4},"end":{"line":11,"column":5}},"3":{"start":{"line":7,"column":25},"end":{"line":7,"column":84}},"4":{"start":{"line":8,"column":8},"end":{"line":8,"column":29}},"5":{"start":{"line":10,"column":8},"end":{"line":10,"column":29}},"6":{"start":{"line":14,"column":36},"end":{"line":21,"column":1}},"7":{"start":{"line":15,"column":4},"end":{"line":20,"column":5}},"8":{"start":{"line":16,"column":25},"end":{"line":16,"column":103}},"9":{"start":{"line":17,"column":8},"end":{"line":17,"column":29}},"10":{"start":{"line":19,"column":8},"end":{"line":19,"column":29}},"11":{"start":{"line":23,"column":39},"end":{"line":30,"column":null}},"12":{"start":{"line":24,"column":4},"end":{"line":29,"column":5}},"13":{"start":{"line":25,"column":25},"end":{"line":25,"column":101}},"14":{"start":{"line":26,"column":8},"end":{"line":26,"column":29}},"15":{"start":{"line":28,"column":8},"end":{"line":28,"column":29}}},"fnMap":{"0":{"name":"(anonymous_0)","decl":{"start":{"line":5,"column":39},"end":{"line":5,"column":44}},"loc":{"start":{"line":5,"column":57},"end":{"line":12,"column":1}}},"1":{"name":"(anonymous_1)","decl":{"start":{"line":14,"column":36},"end":{"line":14,"column":41}},"loc":{"start":{"line":14,"column":64},"end":{"line":21,"column":1}}},"2":{"name":"(anonymous_2)","decl":{"start":{"line":23,"column":39},"end":{"line":23,"column":44}},"loc":{"start":{"line":23,"column":69},"end":{"line":30,"column":null}}}},"branchMap":{},"s":{"0":5,"1":5,"2":2,"3":2,"4":1,"5":1,"6":5,"7":2,"8":2,"9":1,"10":1,"11":5,"12":2,"13":2,"14":1,"15":1},"f":{"0":2,"1":2,"2":2},"b":{}}
,"/Users/rorytait/Desktop/Digital_Futures/Challenges/travel-info-challenge-full-stack/challenge-6-chitter-full-stack-charlietait147/frontend/src/services/weatherdata.service.js": {"path":"/Users/rorytait/Desktop/Digital_Futures/Challenges/travel-info-challenge-full-stack/challenge-6-chitter-full-stack-charlietait147/frontend/src/services/weatherdata.service.js","statementMap":{"0":{"start":{"line":3,"column":37},"end":{"line":27,"column":1}},"1":{"start":{"line":4,"column":4},"end":{"line":26,"column":5}},"2":{"start":{"line":7,"column":8},"end":{"line":11,"column":9}},"3":{"start":{"line":8,"column":12},"end":{"line":8,"column":120}},"4":{"start":{"line":10,"column":12},"end":{"line":10,"column":66}},"5":{"start":{"line":14,"column":8},"end":{"line":16,"column":9}},"6":{"start":{"line":15,"column":12},"end":{"line":15,"column":52}},"7":{"start":{"line":21,"column":16},"end":{"line":21,"column":39}},"8":{"start":{"line":22,"column":4},"end":{"line":22,"column":20}},"9":{"start":{"line":25,"column":8},"end":{"line":25,"column":29}}},"fnMap":{"0":{"name":"(anonymous_0)","decl":{"start":{"line":3,"column":37},"end":{"line":3,"column":42}},"loc":{"start":{"line":3,"column":62},"end":{"line":27,"column":1}}}},"branchMap":{"0":{"loc":{"start":{"line":7,"column":8},"end":{"line":11,"column":9}},"type":"if","locations":[{"start":{"line":7,"column":8},"end":{"line":11,"column":9}},{"start":{"line":9,"column":15},"end":{"line":11,"column":9}}]},"1":{"loc":{"start":{"line":14,"column":8},"end":{"line":16,"column":9}},"type":"if","locations":[{"start":{"line":14,"column":8},"end":{"line":16,"column":9}},{"start":{"line":14,"column":8},"end":{"line":16,"column":9}}]}},"s":{"0":2,"1":3,"2":3,"3":0,"4":3,"5":3,"6":3,"7":3,"8":2,"9":0},"f":{"0":3},"b":{"0":[0,3],"1":[3,0]}}
,"/Users/rorytait/Desktop/Digital_Futures/Challenges/travel-info-challenge-full-stack/challenge-6-chitter-full-stack-charlietait147/frontend/src/utils/WeatherDataHelper.js": {"path":"/Users/rorytait/Desktop/Digital_Futures/Challenges/travel-info-challenge-full-stack/challenge-6-chitter-full-stack-charlietait147/frontend/src/utils/WeatherDataHelper.js","statementMap":{"0":{"start":{"line":1,"column":27},"end":{"line":15,"column":3}},"1":{"start":{"line":2,"column":21},"end":{"line":2,"column":23}},"2":{"start":{"line":3,"column":23},"end":{"line":3,"column":42}},"3":{"start":{"line":5,"column":4},"end":{"line":13,"column":5}},"4":{"start":{"line":5,"column":17},"end":{"line":5,"column":18}},"5":{"start":{"line":6,"column":28},"end":{"line":6,"column":52}},"6":{"start":{"line":7,"column":8},"end":{"line":12,"column":11}},"7":{"start":{"line":14,"column":4},"end":{"line":14,"column":20}},"8":{"start":{"line":17,"column":24},"end":{"line":38,"column":3}},"9":{"start":{"line":19,"column":21},"end":{"line":19,"column":24}},"10":{"start":{"line":20,"column":21},"end":{"line":20,"column":53}},"11":{"start":{"line":22,"column":4},"end":{"line":35,"column":5}},"12":{"start":{"line":22,"column":17},"end":{"line":22,"column":18}},"13":{"start":{"line":23,"column":18},"end":{"line":23,"column":50}},"14":{"start":{"line":24,"column":19},"end":{"line":24,"column":52}},"15":{"start":{"line":26,"column":8},"end":{"line":34,"column":9}},"16":{"start":{"line":27,"column":12},"end":{"line":27,"column":31}},"17":{"start":{"line":28,"column":12},"end":{"line":28,"column":29}},"18":{"start":{"line":31,"column":12},"end":{"line":33,"column":13}},"19":{"start":{"line":32,"column":16},"end":{"line":32,"column":22}},"20":{"start":{"line":37,"column":4},"end":{"line":37,"column":22}}},"fnMap":{"0":{"name":"(anonymous_0)","decl":{"start":{"line":1,"column":27},"end":{"line":1,"column":28}},"loc":{"start":{"line":1,"column":37},"end":{"line":15,"column":3}}},"1":{"name":"(anonymous_1)","decl":{"start":{"line":17,"column":24},"end":{"line":17,"column":25}},"loc":{"start":{"line":17,"column":34},"end":{"line":38,"column":3}}}},"branchMap":{"0":{"loc":{"start":{"line":26,"column":8},"end":{"line":34,"column":9}},"type":"if","locations":[{"start":{"line":26,"column":8},"end":{"line":34,"column":9}},{"start":{"line":26,"column":8},"end":{"line":34,"column":9}}]},"1":{"loc":{"start":{"line":26,"column":12},"end":{"line":26,"column":47}},"type":"binary-expr","locations":[{"start":{"line":26,"column":12},"end":{"line":26,"column":30}},{"start":{"line":26,"column":34},"end":{"line":26,"column":47}}]},"2":{"loc":{"start":{"line":31,"column":12},"end":{"line":33,"column":13}},"type":"if","locations":[{"start":{"line":31,"column":12},"end":{"line":33,"column":13}},{"start":{"line":31,"column":12},"end":{"line":33,"column":13}}]}},"s":{"0":1,"1":1,"2":1,"3":1,"4":1,"5":5,"6":5,"7":1,"8":1,"9":1,"10":1,"11":1,"12":1,"13":31,"14":31,"15":31,"16":4,"17":4,"18":4,"19":1,"20":1},"f":{"0":1,"1":1},"b":{"0":[4,27],"1":[31,24],"2":[1,3]}}
}
