{"/Users/rorytait/Desktop/Digital_Futures/Challenges/travel-info-challenge/challenge-4-travel-info-charlietait147/src/App.jsx": {"path":"/Users/rorytait/Desktop/Digital_Futures/Challenges/travel-info-challenge/challenge-4-travel-info-charlietait147/src/App.jsx","statementMap":{"0":{"start":{"line":10,"column":12},"end":{"line":61,"column":null}},"1":{"start":{"line":11,"column":26},"end":{"line":11,"column":null}},"2":{"start":{"line":12,"column":40},"end":{"line":12,"column":null}},"3":{"start":{"line":13,"column":42},"end":{"line":13,"column":null}},"4":{"start":{"line":14,"column":44},"end":{"line":14,"column":null}},"5":{"start":{"line":16,"column":25},"end":{"line":37,"column":null}},"6":{"start":{"line":17,"column":4},"end":{"line":36,"column":null}},"7":{"start":{"line":18,"column":23},"end":{"line":18,"column":null}},"8":{"start":{"line":20,"column":6},"end":{"line":22,"column":null}},"9":{"start":{"line":21,"column":8},"end":{"line":21,"column":null}},"10":{"start":{"line":24,"column":6},"end":{"line":24,"column":null}},"11":{"start":{"line":25,"column":26},"end":{"line":25,"column":null}},"12":{"start":{"line":27,"column":6},"end":{"line":27,"column":null}},"13":{"start":{"line":29,"column":6},"end":{"line":31,"column":null}},"14":{"start":{"line":30,"column":8},"end":{"line":30,"column":null}},"15":{"start":{"line":32,"column":6},"end":{"line":32,"column":null}},"16":{"start":{"line":33,"column":6},"end":{"line":33,"column":null}},"17":{"start":{"line":34,"column":6},"end":{"line":34,"column":null}},"18":{"start":{"line":35,"column":6},"end":{"line":35,"column":null}},"19":{"start":{"line":39,"column":2},"end":{"line":59,"column":null}}},"fnMap":{"0":{"name":"(anonymous_0)","decl":{"start":{"line":10,"column":12},"end":{"line":10,"column":18}},"loc":{"start":{"line":10,"column":18},"end":{"line":61,"column":null}}},"1":{"name":"(anonymous_1)","decl":{"start":{"line":16,"column":25},"end":{"line":16,"column":37}},"loc":{"start":{"line":16,"column":37},"end":{"line":37,"column":null}}}},"branchMap":{"0":{"loc":{"start":{"line":20,"column":6},"end":{"line":22,"column":null}},"type":"if","locations":[{"start":{"line":20,"column":6},"end":{"line":22,"column":null}},{"start":{"line":20,"column":6},"end":{"line":22,"column":null}}]},"1":{"loc":{"start":{"line":20,"column":10},"end":{"line":20,"column":59}},"type":"binary-expr","locations":[{"start":{"line":20,"column":10},"end":{"line":20,"column":22}},{"start":{"line":20,"column":22},"end":{"line":20,"column":39}},{"start":{"line":20,"column":39},"end":{"line":20,"column":59}}]},"2":{"loc":{"start":{"line":29,"column":6},"end":{"line":31,"column":null}},"type":"if","locations":[{"start":{"line":29,"column":6},"end":{"line":31,"column":null}},{"start":{"line":29,"column":6},"end":{"line":31,"column":null}}]},"3":{"loc":{"start":{"line":29,"column":10},"end":{"line":29,"column":59}},"type":"binary-expr","locations":[{"start":{"line":29,"column":10},"end":{"line":29,"column":28}},{"start":{"line":29,"column":28},"end":{"line":29,"column":59}}]}},"s":{"0":0,"1":0,"2":0,"3":0,"4":0,"5":0,"6":0,"7":0,"8":0,"9":0,"10":0,"11":0,"12":0,"13":0,"14":0,"15":0,"16":0,"17":0,"18":0,"19":0},"f":{"0":0,"1":0},"b":{"0":[0,0],"1":[0,0,0],"2":[0,0],"3":[0,0]}}
,"/Users/rorytait/Desktop/Digital_Futures/Challenges/travel-info-challenge/challenge-4-travel-info-charlietait147/src/main.jsx": {"path":"/Users/rorytait/Desktop/Digital_Futures/Challenges/travel-info-challenge/challenge-4-travel-info-charlietait147/src/main.jsx","statementMap":{"0":{"start":{"line":8,"column":0},"end":{"line":12,"column":null}}},"fnMap":{},"branchMap":{},"s":{"0":0},"f":{},"b":{}}
,"/Users/rorytait/Desktop/Digital_Futures/Challenges/travel-info-challenge/challenge-4-travel-info-charlietait147/src/components/FavouriteLocationContent.jsx": {"path":"/Users/rorytait/Desktop/Digital_Futures/Challenges/travel-info-challenge/challenge-4-travel-info-charlietait147/src/components/FavouriteLocationContent.jsx","statementMap":{"0":{"start":{"line":2,"column":33},"end":{"line":11,"column":null}},"1":{"start":{"line":3,"column":2},"end":{"line":9,"column":null}}},"fnMap":{"0":{"name":"(anonymous_0)","decl":{"start":{"line":2,"column":33},"end":{"line":2,"column":39}},"loc":{"start":{"line":2,"column":39},"end":{"line":11,"column":null}}}},"branchMap":{},"s":{"0":0,"1":0},"f":{"0":0},"b":{}}
,"/Users/rorytait/Desktop/Digital_Futures/Challenges/travel-info-challenge/challenge-4-travel-info-charlietait147/src/components/Footer.jsx": {"path":"/Users/rorytait/Desktop/Digital_Futures/Challenges/travel-info-challenge/challenge-4-travel-info-charlietait147/src/components/Footer.jsx","statementMap":{"0":{"start":{"line":1,"column":15},"end":{"line":7,"column":null}},"1":{"start":{"line":2,"column":2},"end":{"line":5,"column":null}}},"fnMap":{"0":{"name":"(anonymous_0)","decl":{"start":{"line":1,"column":15},"end":{"line":1,"column":21}},"loc":{"start":{"line":1,"column":21},"end":{"line":7,"column":null}}}},"branchMap":{},"s":{"0":0,"1":0},"f":{"0":0},"b":{}}
,"/Users/rorytait/Desktop/Digital_Futures/Challenges/travel-info-challenge/challenge-4-travel-info-charlietait147/src/components/HomeContent.jsx": {"path":"/Users/rorytait/Desktop/Digital_Futures/Challenges/travel-info-challenge/challenge-4-travel-info-charlietait147/src/components/HomeContent.jsx","statementMap":{"0":{"start":{"line":8,"column":20},"end":{"line":123,"column":null}},"1":{"start":{"line":18,"column":36},"end":{"line":18,"column":null}},"2":{"start":{"line":19,"column":36},"end":{"line":19,"column":null}},"3":{"start":{"line":22,"column":24},"end":{"line":36,"column":null}},"4":{"start":{"line":23,"column":4},"end":{"line":23,"column":null}},"5":{"start":{"line":24,"column":4},"end":{"line":24,"column":null}},"6":{"start":{"line":25,"column":4},"end":{"line":25,"column":null}},"7":{"start":{"line":27,"column":4},"end":{"line":33,"column":null}},"8":{"start":{"line":28,"column":6},"end":{"line":28,"column":null}},"9":{"start":{"line":30,"column":6},"end":{"line":30,"column":null}},"10":{"start":{"line":31,"column":6},"end":{"line":31,"column":null}},"11":{"start":{"line":32,"column":6},"end":{"line":32,"column":null}},"12":{"start":{"line":35,"column":4},"end":{"line":35,"column":null}},"13":{"start":{"line":40,"column":2},"end":{"line":42,"column":null}},"14":{"start":{"line":41,"column":4},"end":{"line":41,"column":null}},"15":{"start":{"line":44,"column":2},"end":{"line":56,"column":null}},"16":{"start":{"line":45,"column":4},"end":{"line":54,"column":null}},"17":{"start":{"line":58,"column":2},"end":{"line":88,"column":null}},"18":{"start":{"line":59,"column":4},"end":{"line":86,"column":null}},"19":{"start":{"line":75,"column":29},"end":{"line":75,"column":null}},"20":{"start":{"line":90,"column":2},"end":{"line":93,"column":null}},"21":{"start":{"line":92,"column":4},"end":{"line":92,"column":null}},"22":{"start":{"line":95,"column":21},"end":{"line":95,"column":null}},"23":{"start":{"line":96,"column":2},"end":{"line":98,"column":null}},"24":{"start":{"line":97,"column":4},"end":{"line":97,"column":null}},"25":{"start":{"line":100,"column":45},"end":{"line":100,"column":null}},"26":{"start":{"line":102,"column":2},"end":{"line":121,"column":null}},"27":{"start":{"line":117,"column":12},"end":{"line":117,"column":null}}},"fnMap":{"0":{"name":"(anonymous_0)","decl":{"start":{"line":8,"column":20},"end":{"line":8,"column":21}},"loc":{"start":{"line":17,"column":6},"end":{"line":123,"column":null}}},"1":{"name":"(anonymous_1)","decl":{"start":{"line":22,"column":24},"end":{"line":22,"column":31}},"loc":{"start":{"line":22,"column":37},"end":{"line":36,"column":null}}},"2":{"name":"(anonymous_2)","decl":{"start":{"line":75,"column":22},"end":{"line":75,"column":23}},"loc":{"start":{"line":75,"column":29},"end":{"line":75,"column":null}}},"3":{"name":"(anonymous_3)","decl":{"start":{"line":116,"column":29},"end":{"line":116,"column":30}},"loc":{"start":{"line":117,"column":12},"end":{"line":117,"column":null}}}},"branchMap":{"0":{"loc":{"start":{"line":40,"column":2},"end":{"line":42,"column":null}},"type":"if","locations":[{"start":{"line":40,"column":2},"end":{"line":42,"column":null}},{"start":{"line":40,"column":2},"end":{"line":42,"column":null}}]},"1":{"loc":{"start":{"line":44,"column":2},"end":{"line":56,"column":null}},"type":"if","locations":[{"start":{"line":44,"column":2},"end":{"line":56,"column":null}},{"start":{"line":44,"column":2},"end":{"line":56,"column":null}}]},"2":{"loc":{"start":{"line":58,"column":2},"end":{"line":88,"column":null}},"type":"if","locations":[{"start":{"line":58,"column":2},"end":{"line":88,"column":null}},{"start":{"line":58,"column":2},"end":{"line":88,"column":null}}]},"3":{"loc":{"start":{"line":60,"column":42},"end":{"line":60,"column":67}},"type":"cond-expr","locations":[{"start":{"line":60,"column":54},"end":{"line":60,"column":65}},{"start":{"line":60,"column":65},"end":{"line":60,"column":67}}]},"4":{"loc":{"start":{"line":90,"column":2},"end":{"line":93,"column":null}},"type":"if","locations":[{"start":{"line":90,"column":2},"end":{"line":93,"column":null}},{"start":{"line":90,"column":2},"end":{"line":93,"column":null}}]},"5":{"loc":{"start":{"line":96,"column":2},"end":{"line":98,"column":null}},"type":"if","locations":[{"start":{"line":96,"column":2},"end":{"line":98,"column":null}},{"start":{"line":96,"column":2},"end":{"line":98,"column":null}}]},"6":{"loc":{"start":{"line":105,"column":7},"end":{"line":112,"column":null}},"type":"binary-expr","locations":[{"start":{"line":105,"column":7},"end":{"line":105,"column":null}},{"start":{"line":106,"column":8},"end":{"line":112,"column":null}}]},"7":{"loc":{"start":{"line":114,"column":7},"end":{"line":119,"column":null}},"type":"binary-expr","locations":[{"start":{"line":114,"column":7},"end":{"line":114,"column":null}},{"start":{"line":115,"column":8},"end":{"line":119,"column":null}}]}},"s":{"0":1,"1":2,"2":2,"3":2,"4":0,"5":0,"6":0,"7":0,"8":0,"9":0,"10":0,"11":0,"12":0,"13":2,"14":0,"15":2,"16":0,"17":2,"18":2,"19":6,"20":0,"21":0,"22":0,"23":0,"24":0,"25":0,"26":0,"27":0},"f":{"0":2,"1":0,"2":6,"3":0},"b":{"0":[0,2],"1":[0,2],"2":[2,0],"3":[0,2],"4":[0,0],"5":[0,0],"6":[0,0],"7":[0,0]}}
,"/Users/rorytait/Desktop/Digital_Futures/Challenges/travel-info-challenge/challenge-4-travel-info-charlietait147/src/components/NavBar.jsx": {"path":"/Users/rorytait/Desktop/Digital_Futures/Challenges/travel-info-challenge/challenge-4-travel-info-charlietait147/src/components/NavBar.jsx","statementMap":{"0":{"start":{"line":5,"column":15},"end":{"line":114,"column":null}},"1":{"start":{"line":11,"column":40},"end":{"line":11,"column":null}},"2":{"start":{"line":12,"column":36},"end":{"line":12,"column":null}},"3":{"start":{"line":13,"column":36},"end":{"line":13,"column":null}},"4":{"start":{"line":15,"column":23},"end":{"line":39,"column":null}},"5":{"start":{"line":16,"column":4},"end":{"line":16,"column":null}},"6":{"start":{"line":18,"column":4},"end":{"line":21,"column":null}},"7":{"start":{"line":19,"column":6},"end":{"line":19,"column":null}},"8":{"start":{"line":20,"column":6},"end":{"line":20,"column":null}},"9":{"start":{"line":23,"column":4},"end":{"line":23,"column":null}},"10":{"start":{"line":25,"column":4},"end":{"line":25,"column":null}},"11":{"start":{"line":26,"column":4},"end":{"line":26,"column":null}},"12":{"start":{"line":28,"column":4},"end":{"line":35,"column":null}},"13":{"start":{"line":29,"column":23},"end":{"line":29,"column":null}},"14":{"start":{"line":30,"column":6},"end":{"line":30,"column":null}},"15":{"start":{"line":32,"column":6},"end":{"line":32,"column":null}},"16":{"start":{"line":33,"column":6},"end":{"line":33,"column":null}},"17":{"start":{"line":34,"column":6},"end":{"line":34,"column":null}},"18":{"start":{"line":37,"column":4},"end":{"line":37,"column":null}},"19":{"start":{"line":38,"column":4},"end":{"line":38,"column":null}},"20":{"start":{"line":41,"column":2},"end":{"line":43,"column":null}},"21":{"start":{"line":42,"column":4},"end":{"line":42,"column":null}},"22":{"start":{"line":45,"column":2},"end":{"line":112,"column":null}},"23":{"start":{"line":102,"column":29},"end":{"line":102,"column":null}}},"fnMap":{"0":{"name":"(anonymous_0)","decl":{"start":{"line":5,"column":15},"end":{"line":5,"column":16}},"loc":{"start":{"line":10,"column":6},"end":{"line":114,"column":null}}},"1":{"name":"(anonymous_1)","decl":{"start":{"line":15,"column":23},"end":{"line":15,"column":30}},"loc":{"start":{"line":15,"column":36},"end":{"line":39,"column":null}}},"2":{"name":"(anonymous_2)","decl":{"start":{"line":102,"column":22},"end":{"line":102,"column":23}},"loc":{"start":{"line":102,"column":29},"end":{"line":102,"column":null}}}},"branchMap":{"0":{"loc":{"start":{"line":18,"column":4},"end":{"line":21,"column":null}},"type":"if","locations":[{"start":{"line":18,"column":4},"end":{"line":21,"column":null}},{"start":{"line":18,"column":4},"end":{"line":21,"column":null}}]},"1":{"loc":{"start":{"line":41,"column":2},"end":{"line":43,"column":null}},"type":"if","locations":[{"start":{"line":41,"column":2},"end":{"line":43,"column":null}},{"start":{"line":41,"column":2},"end":{"line":43,"column":null}}]}},"s":{"0":0,"1":0,"2":0,"3":0,"4":0,"5":0,"6":0,"7":0,"8":0,"9":0,"10":0,"11":0,"12":0,"13":0,"14":0,"15":0,"16":0,"17":0,"18":0,"19":0,"20":0,"21":0,"22":0,"23":0},"f":{"0":0,"1":0,"2":0},"b":{"0":[0,0],"1":[0,0]}}
,"/Users/rorytait/Desktop/Digital_Futures/Challenges/travel-info-challenge/challenge-4-travel-info-charlietait147/src/components/WeatherCard.jsx": {"path":"/Users/rorytait/Desktop/Digital_Futures/Challenges/travel-info-challenge/challenge-4-travel-info-charlietait147/src/components/WeatherCard.jsx","statementMap":{"0":{"start":{"line":2,"column":20},"end":{"line":11,"column":null}},"1":{"start":{"line":3,"column":2},"end":{"line":9,"column":null}},"2":{"start":{"line":13,"column":0},"end":{"line":18,"column":null}}},"fnMap":{"0":{"name":"(anonymous_0)","decl":{"start":{"line":2,"column":20},"end":{"line":2,"column":21}},"loc":{"start":{"line":2,"column":60},"end":{"line":11,"column":null}}}},"branchMap":{},"s":{"0":1,"1":0,"2":1},"f":{"0":0},"b":{}}
,"/Users/rorytait/Desktop/Digital_Futures/Challenges/travel-info-challenge/challenge-4-travel-info-charlietait147/src/components/WeatherContent.jsx": {"path":"/Users/rorytait/Desktop/Digital_Futures/Challenges/travel-info-challenge/challenge-4-travel-info-charlietait147/src/components/WeatherContent.jsx","statementMap":{"0":{"start":{"line":5,"column":23},"end":{"line":25,"column":null}},"1":{"start":{"line":6,"column":2},"end":{"line":23,"column":null}},"2":{"start":{"line":27,"column":0},"end":{"line":33,"column":null}}},"fnMap":{"0":{"name":"(anonymous_0)","decl":{"start":{"line":5,"column":23},"end":{"line":5,"column":24}},"loc":{"start":{"line":5,"column":76},"end":{"line":25,"column":null}}}},"branchMap":{},"s":{"0":2,"1":2,"2":2},"f":{"0":2},"b":{}}
,"/Users/rorytait/Desktop/Digital_Futures/Challenges/travel-info-challenge/challenge-4-travel-info-charlietait147/src/services/weatherdata.service.js": {"path":"/Users/rorytait/Desktop/Digital_Futures/Challenges/travel-info-challenge/challenge-4-travel-info-charlietait147/src/services/weatherdata.service.js","statementMap":{"0":{"start":{"line":4,"column":37},"end":{"line":25,"column":1}},"1":{"start":{"line":5,"column":4},"end":{"line":24,"column":5}},"2":{"start":{"line":6,"column":8},"end":{"line":8,"column":9}},"3":{"start":{"line":7,"column":12},"end":{"line":7,"column":50}},"4":{"start":{"line":11,"column":8},"end":{"line":15,"column":9}},"5":{"start":{"line":12,"column":12},"end":{"line":12,"column":107}},"6":{"start":{"line":14,"column":12},"end":{"line":14,"column":53}},"7":{"start":{"line":19,"column":16},"end":{"line":19,"column":39}},"8":{"start":{"line":20,"column":4},"end":{"line":20,"column":20}},"9":{"start":{"line":23,"column":8},"end":{"line":23,"column":29}}},"fnMap":{"0":{"name":"(anonymous_0)","decl":{"start":{"line":4,"column":37},"end":{"line":4,"column":42}},"loc":{"start":{"line":4,"column":62},"end":{"line":25,"column":1}}}},"branchMap":{"0":{"loc":{"start":{"line":6,"column":8},"end":{"line":8,"column":9}},"type":"if","locations":[{"start":{"line":6,"column":8},"end":{"line":8,"column":9}},{"start":{"line":6,"column":8},"end":{"line":8,"column":9}}]},"1":{"loc":{"start":{"line":11,"column":8},"end":{"line":15,"column":9}},"type":"if","locations":[{"start":{"line":11,"column":8},"end":{"line":15,"column":9}},{"start":{"line":13,"column":15},"end":{"line":15,"column":9}}]}},"s":{"0":0,"1":0,"2":0,"3":0,"4":0,"5":0,"6":0,"7":0,"8":0,"9":0},"f":{"0":0},"b":{"0":[0,0],"1":[0,0]}}
,"/Users/rorytait/Desktop/Digital_Futures/Challenges/travel-info-challenge/challenge-4-travel-info-charlietait147/src/utils/WeatherDataHelper.js": {"path":"/Users/rorytait/Desktop/Digital_Futures/Challenges/travel-info-challenge/challenge-4-travel-info-charlietait147/src/utils/WeatherDataHelper.js","statementMap":{"0":{"start":{"line":1,"column":27},"end":{"line":15,"column":3}},"1":{"start":{"line":2,"column":21},"end":{"line":2,"column":23}},"2":{"start":{"line":3,"column":23},"end":{"line":3,"column":42}},"3":{"start":{"line":5,"column":4},"end":{"line":13,"column":5}},"4":{"start":{"line":5,"column":17},"end":{"line":5,"column":18}},"5":{"start":{"line":6,"column":28},"end":{"line":6,"column":52}},"6":{"start":{"line":7,"column":8},"end":{"line":12,"column":11}},"7":{"start":{"line":14,"column":4},"end":{"line":14,"column":20}},"8":{"start":{"line":17,"column":24},"end":{"line":38,"column":3}},"9":{"start":{"line":18,"column":4},"end":{"line":18,"column":22}},"10":{"start":{"line":19,"column":21},"end":{"line":19,"column":24}},"11":{"start":{"line":20,"column":21},"end":{"line":20,"column":53}},"12":{"start":{"line":22,"column":4},"end":{"line":35,"column":5}},"13":{"start":{"line":22,"column":17},"end":{"line":22,"column":18}},"14":{"start":{"line":23,"column":18},"end":{"line":23,"column":50}},"15":{"start":{"line":24,"column":19},"end":{"line":24,"column":52}},"16":{"start":{"line":26,"column":8},"end":{"line":34,"column":9}},"17":{"start":{"line":27,"column":12},"end":{"line":27,"column":31}},"18":{"start":{"line":28,"column":12},"end":{"line":28,"column":29}},"19":{"start":{"line":31,"column":12},"end":{"line":33,"column":13}},"20":{"start":{"line":32,"column":16},"end":{"line":32,"column":22}},"21":{"start":{"line":37,"column":4},"end":{"line":37,"column":22}}},"fnMap":{"0":{"name":"(anonymous_0)","decl":{"start":{"line":1,"column":27},"end":{"line":1,"column":28}},"loc":{"start":{"line":1,"column":37},"end":{"line":15,"column":3}}},"1":{"name":"(anonymous_1)","decl":{"start":{"line":17,"column":24},"end":{"line":17,"column":25}},"loc":{"start":{"line":17,"column":34},"end":{"line":38,"column":3}}}},"branchMap":{"0":{"loc":{"start":{"line":26,"column":8},"end":{"line":34,"column":9}},"type":"if","locations":[{"start":{"line":26,"column":8},"end":{"line":34,"column":9}},{"start":{"line":26,"column":8},"end":{"line":34,"column":9}}]},"1":{"loc":{"start":{"line":26,"column":12},"end":{"line":26,"column":47}},"type":"binary-expr","locations":[{"start":{"line":26,"column":12},"end":{"line":26,"column":30}},{"start":{"line":26,"column":34},"end":{"line":26,"column":47}}]},"2":{"loc":{"start":{"line":31,"column":12},"end":{"line":33,"column":13}},"type":"if","locations":[{"start":{"line":31,"column":12},"end":{"line":33,"column":13}},{"start":{"line":31,"column":12},"end":{"line":33,"column":13}}]}},"s":{"0":0,"1":0,"2":0,"3":0,"4":0,"5":0,"6":0,"7":0,"8":0,"9":0,"10":0,"11":0,"12":0,"13":0,"14":0,"15":0,"16":0,"17":0,"18":0,"19":0,"20":0,"21":0},"f":{"0":0,"1":0},"b":{"0":[0,0],"1":[0,0],"2":[0,0]}}
}
